<?xml version="1.0" encoding="UTF-8"?>
<testsuite name="Cucumber" time="46.994" tests="3" skipped="0" failures="1" errors="0">
<testcase classname="To check login functionality" name="UI" time="8.739">
<system-out><![CDATA[
Given Chrome is opened and apollo247 app is opened..........................passed
When User navigate on landing page..........................................passed
Then Fields on navigation page are visible to the user......................passed
]]></system-out>
</testcase>
<testcase classname="To check login functionality" name="Landing Page" time="8.212">
<system-out><![CDATA[
Given Chrome is opened and apollo247 app is opened..........................passed
When User navigate on landing page..........................................passed
]]></system-out>
</testcase>
<testcase classname="To check login functionality" name="Check login is successfull with valid credentials" time="29.692">
<failure type="org.openqa.selenium.ElementClickInterceptedException" message="element click intercepted: Element &lt;span class=&quot;icon-ic_arrow_forward&quot;&gt;&lt;/span&gt; is not clickable at point (1114, 226). Other element would receive the click: &lt;div class=&quot;jss84&quot;&gt;...&lt;/div&gt;
  (Session info: chrome=114.0.5735.110)
Build info: version: '4.9.0', revision: 'd7057100a6'
System info: os.name: 'Windows 11', os.arch: 'amd64', os.version: '10.0', java.version: '17.0.7'
Driver info: org.openqa.selenium.chrome.ChromeDriver
Command: [3ddb21c446537a73f8cc4fa73e5ac00d, clickElement {id=87C44F61FD2D172E57D3923C5BB23C08_element_55}]
Capabilities {acceptInsecureCerts: false, browserName: chrome, browserVersion: 114.0.5735.110, chrome: {chromedriverVersion: 113.0.5672.63 (0e1a4471d5ae..., userDataDir: C:\Program Files (x86)\scop...}, goog:chromeOptions: {debuggerAddress: localhost:59228}, networkConnectionEnabled: false, pageLoadStrategy: normal, platformName: WINDOWS, proxy: Proxy(), se:cdp: ws://localhost:59228/devtoo..., se:cdpVersion: 114.0.5735.110, setWindowRect: true, strictFileInteractability: false, timeouts: {implicit: 0, pageLoad: 300000, script: 30000}, unhandledPromptBehavior: dismiss and notify, webauthn:extension:credBlob: true, webauthn:extension:largeBlob: true, webauthn:extension:minPinLength: true, webauthn:extension:prf: true, webauthn:virtualAuthenticators: true}
Element: [[ChromeDriver: chrome on WINDOWS (3ddb21c446537a73f8cc4fa73e5ac00d)] -&gt; xpath: //span[@class='icon-ic_arrow_forward']]
Session ID: 3ddb21c446537a73f8cc4fa73e5ac00d">
<![CDATA[org.openqa.selenium.ElementClickInterceptedException: element click intercepted: Element <span class="icon-ic_arrow_forward"></span> is not clickable at point (1114, 226). Other element would receive the click: <div class="jss84">...</div>
  (Session info: chrome=114.0.5735.110)
Build info: version: '4.9.0', revision: 'd7057100a6'
System info: os.name: 'Windows 11', os.arch: 'amd64', os.version: '10.0', java.version: '17.0.7'
Driver info: org.openqa.selenium.chrome.ChromeDriver
Command: [3ddb21c446537a73f8cc4fa73e5ac00d, clickElement {id=87C44F61FD2D172E57D3923C5BB23C08_element_55}]
Capabilities {acceptInsecureCerts: false, browserName: chrome, browserVersion: 114.0.5735.110, chrome: {chromedriverVersion: 113.0.5672.63 (0e1a4471d5ae..., userDataDir: C:\Program Files (x86)\scop...}, goog:chromeOptions: {debuggerAddress: localhost:59228}, networkConnectionEnabled: false, pageLoadStrategy: normal, platformName: WINDOWS, proxy: Proxy(), se:cdp: ws://localhost:59228/devtoo..., se:cdpVersion: 114.0.5735.110, setWindowRect: true, strictFileInteractability: false, timeouts: {implicit: 0, pageLoad: 300000, script: 30000}, unhandledPromptBehavior: dismiss and notify, webauthn:extension:credBlob: true, webauthn:extension:largeBlob: true, webauthn:extension:minPinLength: true, webauthn:extension:prf: true, webauthn:virtualAuthenticators: true}
Element: [[ChromeDriver: chrome on WINDOWS (3ddb21c446537a73f8cc4fa73e5ac00d)] -> xpath: //span[@class='icon-ic_arrow_forward']]
Session ID: 3ddb21c446537a73f8cc4fa73e5ac00d
	at java.base/jdk.internal.reflect.NativeConstructorAccessorImpl.newInstance0(Native Method)
	at java.base/jdk.internal.reflect.NativeConstructorAccessorImpl.newInstance(NativeConstructorAccessorImpl.java:77)
	at java.base/jdk.internal.reflect.DelegatingConstructorAccessorImpl.newInstance(DelegatingConstructorAccessorImpl.java:45)
	at java.base/java.lang.reflect.Constructor.newInstanceWithCaller(Constructor.java:499)
	at java.base/java.lang.reflect.Constructor.newInstance(Constructor.java:480)
	at org.openqa.selenium.remote.codec.w3c.W3CHttpResponseCodec.createException(W3CHttpResponseCodec.java:200)
	at org.openqa.selenium.remote.codec.w3c.W3CHttpResponseCodec.decode(W3CHttpResponseCodec.java:133)
	at org.openqa.selenium.remote.codec.w3c.W3CHttpResponseCodec.decode(W3CHttpResponseCodec.java:53)
	at org.openqa.selenium.remote.HttpCommandExecutor.execute(HttpCommandExecutor.java:193)
	at org.openqa.selenium.remote.service.DriverCommandExecutor.invokeExecute(DriverCommandExecutor.java:183)
	at org.openqa.selenium.remote.service.DriverCommandExecutor.execute(DriverCommandExecutor.java:158)
	at org.openqa.selenium.remote.RemoteWebDriver.execute(RemoteWebDriver.java:543)
	at org.openqa.selenium.remote.RemoteWebElement.execute(RemoteWebElement.java:257)
	at org.openqa.selenium.remote.RemoteWebElement.click(RemoteWebElement.java:78)
	at java.base/jdk.internal.reflect.NativeMethodAccessorImpl.invoke0(Native Method)
	at java.base/jdk.internal.reflect.NativeMethodAccessorImpl.invoke(NativeMethodAccessorImpl.java:77)
	at java.base/jdk.internal.reflect.DelegatingMethodAccessorImpl.invoke(DelegatingMethodAccessorImpl.java:43)
	at java.base/java.lang.reflect.Method.invoke(Method.java:568)
	at org.openqa.selenium.support.pagefactory.internal.LocatingElementHandler.invoke(LocatingElementHandler.java:52)
	at jdk.proxy2/jdk.proxy2.$Proxy29.click(Unknown Source)
	at com.pages.LoginPage.afterotp_button(LoginPage.java:70)
	at LoginPage_stepdefinitions_1.LoginPageSteps_1.after_entering_otp_click_on_arrow_button(LoginPageSteps_1.java:96)
	at âœ½.After entering OTP click on arrow button(file:///C:/Users/nishanag/eclipse-workspace/Apollo247_Loginpage_Nishant/src/test/resources/features/ValidLoginPage.feature:20)
]]>
</failure>
<system-out><![CDATA[
Given Chrome is opened and apollo247 app is opened..........................passed
When User navigate on landing page..........................................passed
Then Fields on navigation page are visible to the user......................passed
When User clicks on login button............................................passed
Then User enters valid "8078632273" mobile number...........................passed
When User click on arrow button.............................................passed
And After entering OTP click on arrow button................................failed
Then Users details are printed on the console...............................skipped
When User will click on orders button for navigating on my orders page......skipped
Then User will go back to home page.........................................skipped
]]></system-out>
</testcase>
</testsuite>
